<?xml version="1.0" encoding="UTF-8"?>
<testsuite name="com.thoughtworks.ddd.domain.CartTest" tests="1" skipped="0" failures="0" errors="0" timestamp="2021-06-19T05:54:16" hostname="riyazpashas-MacBook-Pro.local" time="0.02">
  <properties/>
  <testcase name="ShouldAddProductsWithMinimalPriceToCart()" classname="com.thoughtworks.ddd.domain.CartTest" time="0.02"/>
  <system-out><![CDATA[]]></system-out>
  <system-err><![CDATA[]]></system-err>
</testsuite>
