<?xml version="1.0" encoding="UTF-8"?>
<testsuite name="com.thoughtworks.ddd.domain.CartTest" tests="1" skipped="0" failures="0" errors="0" timestamp="2021-06-19T06:50:19" hostname="riyazpashas-MacBook-Pro.local" time="0.026">
  <properties/>
  <testcase name="ShouldCheckoutACartAndCreateAnOrder()" classname="com.thoughtworks.ddd.domain.CartTest" time="0.026"/>
  <system-out><![CDATA[]]></system-out>
  <system-err><![CDATA[]]></system-err>
</testsuite>
